# JRE version: OpenJDK Runtime Environment Zulu15.40+19-CA (15.0.7+4) (build 15.0.7+4-MTS)
# Java VM: OpenJDK 64-Bit Server VM Zulu15.40+19-CA (15.0.7+4-MTS, mixed mode, tiered, compressed oops, g1 gc, bsd-aarch64)
GC Precious Log:
 CPUs: 10 total, 10 available
 Memory: 32768M
 Large Page Support: Disabled
 NUMA Support: Disabled
 Compressed Oops: Enabled (Zero based)
 Heap Region Size: 4M
 Heap Min Capacity: 8M
 Heap Initial Capacity: 512M
 Heap Max Capacity: 8G
 Pre-touch: Disabled
 Parallel Workers: 9
 Concurrent Workers: 2
 Concurrent Refinement Workers: 9
 Periodic GC: Disabled
Heap:
 garbage-first heap   total 81920K, used 32721K [0x00000005c0000000, 0x00000007c0000000)
  region size 4096K, 4 young (16384K), 1 survivors (4096K)
 Metaspace       used 57020K, capacity 57485K, committed 57600K, reserved 1101824K
  class space    used 5890K, capacity 6053K, committed 6144K, reserved 1048576K
GC Heap History (18 events):
Event: 83.623 GC heap before
{Heap before GC invocations=0 (full 0):
 garbage-first heap   total 524288K, used 40960K [0x00000005c0000000, 0x00000007c0000000)
  region size 4096K, 6 young (24576K), 0 survivors (0K)
 Metaspace       used 11265K, capacity 11438K, committed 11648K, reserved 1060864K
  class space    used 1035K, capacity 1103K, committed 1152K, reserved 1048576K
}
Event: 83.624 GC heap after
{Heap after GC invocations=1 (full 0):
 garbage-first heap   total 524288K, used 10541K [0x00000005c0000000, 0x00000007c0000000)
  region size 4096K, 1 young (4096K), 1 survivors (4096K)
 Metaspace       used 11265K, capacity 11438K, committed 11648K, reserved 1060864K
  class space    used 1035K, capacity 1103K, committed 1152K, reserved 1048576K
}
Event: 83.831 GC heap before
{Heap before GC invocations=1 (full 0):
 garbage-first heap   total 524288K, used 35117K [0x00000005c0000000, 0x00000007c0000000)
  region size 4096K, 8 young (32768K), 1 survivors (4096K)
 Metaspace       used 20840K, capacity 21163K, committed 21248K, reserved 1069056K
  class space    used 2103K, capacity 2224K, committed 2304K, reserved 1048576K
}
Event: 83.834 GC heap after
{Heap after GC invocations=2 (full 0):
 garbage-first heap   total 524288K, used 14185K [0x00000005c0000000, 0x00000007c0000000)
  region size 4096K, 2 young (8192K), 2 survivors (8192K)
 Metaspace       used 20840K, capacity 21163K, committed 21248K, reserved 1069056K
  class space    used 2103K, capacity 2224K, committed 2304K, reserved 1048576K
}
Event: 86.149 GC heap before
{Heap before GC invocations=3 (full 0):
 garbage-first heap   total 69632K, used 67433K [0x00000005c0000000, 0x00000007c0000000)
  region size 4096K, 14 young (57344K), 2 survivors (8192K)
 Metaspace       used 32409K, capacity 32757K, committed 32896K, reserved 1079296K
  class space    used 3331K, capacity 3453K, committed 3456K, reserved 1048576K
}
Event: 86.153 GC heap after
{Heap after GC invocations=4 (full 0):
 garbage-first heap   total 81920K, used 20779K [0x00000005c0000000, 0x00000007c0000000)
  region size 4096K, 3 young (12288K), 3 survivors (12288K)
 Metaspace       used 32409K, capacity 32757K, committed 32896K, reserved 1079296K
  class space    used 3331K, capacity 3453K, committed 3456K, reserved 1048576K
}
Event: 86.226 GC heap before
{Heap before GC invocations=4 (full 0):
 garbage-first heap   total 81920K, used 33067K [0x00000005c0000000, 0x00000007c0000000)
  region size 4096K, 7 young (28672K), 3 survivors (12288K)
 Metaspace       used 35250K, capacity 35619K, committed 35840K, reserved 1081344K
  class space    used 3632K, capacity 3745K, committed 3840K, reserved 1048576K
}
Event: 86.231 GC heap after
{Heap after GC invocations=5 (full 0):
 garbage-first heap   total 81920K, used 21711K [0x00000005c0000000, 0x00000007c0000000)
  region size 4096K, 1 young (4096K), 1 survivors (4096K)
 Metaspace       used 35250K, capacity 35619K, committed 35840K, reserved 1081344K
  class space    used 3632K, capacity 3745K, committed 3840K, reserved 1048576K
}
Event: 86.516 GC heap before
{Heap before GC invocations=6 (full 0):
 garbage-first heap   total 81920K, used 54479K [0x00000005c0000000, 0x00000007c0000000)
  region size 4096K, 10 young (40960K), 1 survivors (4096K)
 Metaspace       used 42864K, capacity 43257K, committed 43520K, reserved 1087488K
  class space    used 4381K, capacity 4517K, committed 4608K, reserved 1048576K
}
Event: 86.518 GC heap after
{Heap after GC invocations=7 (full 0):
 garbage-first heap   total 81920K, used 22816K [0x00000005c0000000, 0x00000007c0000000)
  region size 4096K, 2 young (8192K), 2 survivors (8192K)
 Metaspace       used 42864K, capacity 43257K, committed 43520K, reserved 1087488K
  class space    used 4381K, capacity 4517K, committed 4608K, reserved 1048576K
}
Event: 86.805 GC heap before
{Heap before GC invocations=7 (full 0):
 garbage-first heap   total 81920K, used 55584K [0x00000005c0000000, 0x00000007c0000000)
  region size 4096K, 11 young (45056K), 2 survivors (8192K)
 Metaspace       used 46804K, capacity 47282K, committed 47488K, reserved 1091584K
  class space    used 4827K, capacity 4980K, committed 4992K, reserved 1048576K
}
Event: 86.809 GC heap after
{Heap after GC invocations=8 (full 0):
 garbage-first heap   total 81920K, used 24811K [0x00000005c0000000, 0x00000007c0000000)
  region size 4096K, 2 young (8192K), 2 survivors (8192K)
 Metaspace       used 46804K, capacity 47282K, committed 47488K, reserved 1091584K
  class space    used 4827K, capacity 4980K, committed 4992K, reserved 1048576K
}
Event: 87.005 GC heap before
{Heap before GC invocations=8 (full 0):
 garbage-first heap   total 81920K, used 57579K [0x00000005c0000000, 0x00000007c0000000)
  region size 4096K, 10 young (40960K), 2 survivors (8192K)
 Metaspace       used 49237K, capacity 49707K, committed 49920K, reserved 1093632K
  class space    used 5118K, capacity 5276K, committed 5376K, reserved 1048576K
}
Event: 87.008 GC heap after
{Heap after GC invocations=9 (full 0):
 garbage-first heap   total 81920K, used 24284K [0x00000005c0000000, 0x00000007c0000000)
  region size 4096K, 1 young (4096K), 1 survivors (4096K)
 Metaspace       used 49237K, capacity 49707K, committed 49920K, reserved 1093632K
  class space    used 5118K, capacity 5276K, committed 5376K, reserved 1048576K
}
Event: 87.181 GC heap before
{Heap before GC invocations=9 (full 0):
 garbage-first heap   total 81920K, used 57052K [0x00000005c0000000, 0x00000007c0000000)
  region size 4096K, 10 young (40960K), 1 survivors (4096K)
 Metaspace       used 52996K, capacity 53420K, committed 53632K, reserved 1097728K
  class space    used 5498K, capacity 5637K, committed 5760K, reserved 1048576K
}
Event: 87.184 GC heap after
{Heap after GC invocations=10 (full 0):
 garbage-first heap   total 81920K, used 24185K [0x00000005c0000000, 0x00000007c0000000)
  region size 4096K, 1 young (4096K), 1 survivors (4096K)
 Metaspace       used 52996K, capacity 53420K, committed 53632K, reserved 1097728K
  class space    used 5498K, capacity 5637K, committed 5760K, reserved 1048576K
}
Event: 87.363 GC heap before
{Heap before GC invocations=10 (full 0):
 garbage-first heap   total 81920K, used 56953K [0x00000005c0000000, 0x00000007c0000000)
  region size 4096K, 10 young (40960K), 1 survivors (4096K)
 Metaspace       used 55863K, capacity 56333K, committed 56448K, reserved 1099776K
  class space    used 5765K, capacity 5925K, committed 6016K, reserved 1048576K
}
Event: 87.366 GC heap after
{Heap after GC invocations=11 (full 0):
 garbage-first heap   total 81920K, used 24529K [0x00000005c0000000, 0x00000007c0000000)
  region size 4096K, 1 young (4096K), 1 survivors (4096K)
 Metaspace       used 55863K, capacity 56333K, committed 56448K, reserved 1099776K
  class space    used 5765K, capacity 5925K, committed 6016K, reserved 1048576K
}

